This is pdfTeX, Version 3.141592653-2.6-1.40.28 (TeX Live 2025) (preloaded format=pdflatex 2025.6.2)  12 MAY 2026 06:48
entering extended mode
 restricted \write18 enabled.
 %&-line parsing enabled.
**\input ./Rd2.tex \input ./Rd2.tex \input ./Rd2.tex
(./Rd2.tex
(/Users/hrbrmstr/Library/TinyTeX/texmf-dist/tex/latex/base/book.cls
Document Class: book 2025/01/22 v1.4n Standard LaTeX document class
(/Users/hrbrmstr/Library/TinyTeX/texmf-dist/tex/latex/base/bk10.clo
File: bk10.clo 2025/01/22 v1.4n Standard LaTeX file (size option)
)
\c@part=\count275
\c@chapter=\count276
\c@section=\count277
\c@subsection=\count278
\c@subsubsection=\count279
\c@paragraph=\count280
\c@subparagraph=\count281
\c@figure=\count282
\c@table=\count283
\abovecaptionskip=\skip49
\belowcaptionskip=\skip50
\bibindent=\dimen148
) (/Library/Frameworks/R.framework/Resources/share/texmf/tex/latex/Rd.sty
Package: Rd 
 (/Users/hrbrmstr/Library/TinyTeX/texmf-dist/tex/latex/base/ifthen.sty
Package: ifthen 2024/03/16 v1.1e Standard LaTeX ifthen package (DPC)
) (/Users/hrbrmstr/Library/TinyTeX/texmf-dist/tex/generic/iftex/iftex.sty
Package: iftex 2024/12/12 v1.0g TeX engine tests
) (/Users/hrbrmstr/Library/TinyTeX/texmf-dist/tex/latex/tools/longtable.sty
Package: longtable 2024-12-18 v4.23 Multi-page Table package (DPC)
\LTleft=\skip51
\LTright=\skip52
\LTpre=\skip53
\LTpost=\skip54
\LTchunksize=\count284
\LTcapwidth=\dimen149
\LT@head=\box53
\LT@firsthead=\box54
\LT@foot=\box55
\LT@lastfoot=\box56
\LT@gbox=\box57
\LT@cols=\count285
\LT@rows=\count286
\c@LT@tables=\count287
\c@LT@chunks=\count288
\LT@p@ftn=\toks17
) (/Users/hrbrmstr/Library/TinyTeX/texmf-dist/tex/latex/tools/bm.sty
Package: bm 2023/12/19 v1.2f Bold Symbol Support (DPC/FMi)
\symboldoperators=\mathgroup4
\symboldletters=\mathgroup5
\symboldsymbols=\mathgroup6
Package bm Info: No bold for \OMX/cmex/m/n, using \pmb.
LaTeX Font Info:    Redeclaring math alphabet \mathbf on input line 149.
) (/Users/hrbrmstr/Library/TinyTeX/texmf-dist/tex/latex/base/alltt.sty
Package: alltt 2024/07/07 v2.0g defines alltt environment
) (/Users/hrbrmstr/Library/TinyTeX/texmf-dist/tex/latex/tools/verbatim.sty
Package: verbatim 2024-01-22 v1.5x LaTeX2e package for verbatim enhancements
\every@verbatim=\toks18
\verbatim@line=\toks19
\verbatim@in@stream=\read2
) (/Users/hrbrmstr/Library/TinyTeX/texmf-dist/tex/latex/url/url.sty
\Urlmuskip=\muskip17
Package: url 2013/09/16  ver 3.4  Verb mode for urls, etc.
) (/Users/hrbrmstr/Library/TinyTeX/texmf-dist/tex/latex/base/textcomp.sty
Package: textcomp 2024/04/24 v2.1b Standard LaTeX package
) (/Users/hrbrmstr/Library/TinyTeX/texmf-dist/tex/latex/amsmath/amsmath.sty
Package: amsmath 2025/05/18 v2.17x AMS math features
\@mathmargin=\skip55

For additional information on amsmath, use the `?' option.
(/Users/hrbrmstr/Library/TinyTeX/texmf-dist/tex/latex/amsmath/amstext.sty
Package: amstext 2024/11/17 v2.01 AMS text
 (/Users/hrbrmstr/Library/TinyTeX/texmf-dist/tex/latex/amsmath/amsgen.sty
File: amsgen.sty 1999/11/30 v2.0 generic functions
\@emptytoks=\toks20
\ex@=\dimen150
)) (/Users/hrbrmstr/Library/TinyTeX/texmf-dist/tex/latex/amsmath/amsbsy.sty
Package: amsbsy 1999/11/29 v1.2d Bold Symbols
LaTeX Info: Redefining \boldsymbol on input line 28.
\pmbraise@=\dimen151
) (/Users/hrbrmstr/Library/TinyTeX/texmf-dist/tex/latex/amsmath/amsopn.sty
Package: amsopn 2022/04/08 v2.04 operator names
)
\inf@bad=\count289
LaTeX Info: Redefining \frac on input line 233.
\uproot@=\count290
\leftroot@=\count291
LaTeX Info: Redefining \overline on input line 398.
LaTeX Info: Redefining \colon on input line 409.
\classnum@=\count292
\DOTSCASE@=\count293
LaTeX Info: Redefining \ldots on input line 495.
LaTeX Info: Redefining \dots on input line 498.
LaTeX Info: Redefining \cdots on input line 619.
\Mathstrutbox@=\box58
\strutbox@=\box59
LaTeX Info: Redefining \big on input line 721.
LaTeX Info: Redefining \Big on input line 722.
LaTeX Info: Redefining \bigg on input line 723.
LaTeX Info: Redefining \Bigg on input line 724.
\big@size=\dimen152
LaTeX Font Info:    Redeclaring font encoding OML on input line 742.
LaTeX Font Info:    Redeclaring font encoding OMS on input line 743.
\macc@depth=\count294
LaTeX Info: Redefining \bmod on input line 904.
LaTeX Info: Redefining \pmod on input line 909.
LaTeX Info: Redefining \smash on input line 939.
LaTeX Info: Redefining \relbar on input line 969.
LaTeX Info: Redefining \Relbar on input line 970.
\c@MaxMatrixCols=\count295
\dotsspace@=\muskip18
\c@parentequation=\count296
\dspbrk@lvl=\count297
\tag@help=\toks21
\row@=\count298
\column@=\count299
\maxfields@=\count300
\andhelp@=\toks22
\eqnshift@=\dimen153
\alignsep@=\dimen154
\tagshift@=\dimen155
\tagwidth@=\dimen156
\totwidth@=\dimen157
\lineht@=\dimen158
\@envbody=\toks23
\multlinegap=\skip56
\multlinetaggap=\skip57
\mathdisplay@stack=\toks24
LaTeX Info: Redefining \[ on input line 2949.
LaTeX Info: Redefining \] on input line 2950.
) (/Users/hrbrmstr/Library/TinyTeX/texmf-dist/tex/latex/amsfonts/amsfonts.sty
Package: amsfonts 2013/01/14 v3.01 Basic AMSFonts support
\symAMSa=\mathgroup7
\symAMSb=\mathgroup8
LaTeX Font Info:    Redeclaring math symbol \hbar on input line 98.
LaTeX Font Info:    Overwriting math alphabet `\mathfrak' in version `bold'
(Font)                  U/euf/m/n --> U/euf/b/n on input line 106.
) (/Users/hrbrmstr/Library/TinyTeX/texmf-dist/tex/latex/amsfonts/amssymb.sty
Package: amssymb 2013/01/14 v3.01 AMS font symbols
) (/Users/hrbrmstr/Library/TinyTeX/texmf-dist/tex/latex/jknapltx/mathrsfs.sty
Package: mathrsfs 1996/01/01 Math RSFS package v1.0 (jk)
\symrsfs=\mathgroup9
)
\ldescriptionwidth=\skip58
 (/Users/hrbrmstr/Library/TinyTeX/texmf-dist/tex/latex/base/fontenc.sty
Package: fontenc 2024/12/21 v2.1c Standard LaTeX package
) (/Users/hrbrmstr/Library/TinyTeX/texmf-dist/tex/latex/psnfss/times.sty
Package: times 2020/03/25 PSNFSS-v9.3 (SPQR) 
) (/Users/hrbrmstr/Library/TinyTeX/texmf-dist/tex/latex/inconsolata/zi4.sty
Package: zi4 2019/05/17 v1.12
 `inconsolata-zi4' v1.12, 2019/05/17 Text macros for Inconsolata (msharpe) (/Users/hrbrmstr/Library/TinyTeX/texmf-dist/tex/latex/xkeyval/xkeyval.sty
Package: xkeyval 2022/06/16 v2.9 package option processing (HA)
 (/Users/hrbrmstr/Library/TinyTeX/texmf-dist/tex/generic/xkeyval/xkeyval.tex (/Users/hrbrmstr/Library/TinyTeX/texmf-dist/tex/generic/xkeyval/xkvutils.tex
\XKV@toks=\toks25
\XKV@tempa@toks=\toks26
 (/Users/hrbrmstr/Library/TinyTeX/texmf-dist/tex/generic/xkeyval/keyval.tex))
\XKV@depth=\count301
File: xkeyval.tex 2014/12/03 v2.7a key=value parser (HA)
))
\zifour@ocount=\count302
) (/Users/hrbrmstr/Library/TinyTeX/texmf-dist/tex/latex/graphics/color.sty
Package: color 2025/01/14 v1.3e Standard LaTeX Color (DPC)
 (/Users/hrbrmstr/Library/TinyTeX/texmf-dist/tex/latex/graphics-cfg/color.cfg
File: color.cfg 2016/01/02 v1.6 sample color configuration
)
Package color Info: Driver file: pdftex.def on input line 149.
 (/Users/hrbrmstr/Library/TinyTeX/texmf-dist/tex/latex/graphics-def/pdftex.def
File: pdftex.def 2024/04/13 v1.2c Graphics/color driver for pdftex
) (/Users/hrbrmstr/Library/TinyTeX/texmf-dist/tex/latex/graphics/mathcolor.ltx)) (/Users/hrbrmstr/Library/TinyTeX/texmf-dist/tex/latex/hyperref/hyperref.sty
Package: hyperref 2025-05-20 v7.01m Hypertext links for LaTeX
 (/Users/hrbrmstr/Library/TinyTeX/texmf-dist/tex/latex/kvsetkeys/kvsetkeys.sty
Package: kvsetkeys 2022-10-05 v1.19 Key value parser (HO)
) (/Users/hrbrmstr/Library/TinyTeX/texmf-dist/tex/generic/kvdefinekeys/kvdefinekeys.sty
Package: kvdefinekeys 2019-12-19 v1.6 Define keys (HO)
) (/Users/hrbrmstr/Library/TinyTeX/texmf-dist/tex/generic/pdfescape/pdfescape.sty
Package: pdfescape 2019/12/09 v1.15 Implements pdfTeX's escape features (HO)
 (/Users/hrbrmstr/Library/TinyTeX/texmf-dist/tex/generic/ltxcmds/ltxcmds.sty
Package: ltxcmds 2023-12-04 v1.26 LaTeX kernel commands for general use (HO)
) (/Users/hrbrmstr/Library/TinyTeX/texmf-dist/tex/generic/pdftexcmds/pdftexcmds.sty
Package: pdftexcmds 2020-06-27 v0.33 Utility functions of pdfTeX for LuaTeX (HO)
 (/Users/hrbrmstr/Library/TinyTeX/texmf-dist/tex/generic/infwarerr/infwarerr.sty
Package: infwarerr 2019/12/03 v1.5 Providing info/warning/error messages (HO)
)
Package pdftexcmds Info: \pdf@primitive is available.
Package pdftexcmds Info: \pdf@ifprimitive is available.
Package pdftexcmds Info: \pdfdraftmode found.
)) (/Users/hrbrmstr/Library/TinyTeX/texmf-dist/tex/latex/hycolor/hycolor.sty
Package: hycolor 2020-01-27 v1.10 Color options for hyperref/bookmark (HO)
) (/Users/hrbrmstr/Library/TinyTeX/texmf-dist/tex/latex/hyperref/nameref.sty
Package: nameref 2023-11-26 v2.56 Cross-referencing by name of section
 (/Users/hrbrmstr/Library/TinyTeX/texmf-dist/tex/latex/refcount/refcount.sty
Package: refcount 2019/12/15 v3.6 Data extraction from label references (HO)
) (/Users/hrbrmstr/Library/TinyTeX/texmf-dist/tex/generic/gettitlestring/gettitlestring.sty
Package: gettitlestring 2019/12/15 v1.6 Cleanup title references (HO)
 (/Users/hrbrmstr/Library/TinyTeX/texmf-dist/tex/latex/kvoptions/kvoptions.sty
Package: kvoptions 2022-06-15 v3.15 Key value format for package options (HO)
))
\c@section@level=\count303
) (/Users/hrbrmstr/Library/TinyTeX/texmf-dist/tex/latex/etoolbox/etoolbox.sty
Package: etoolbox 2025/02/11 v2.5l e-TeX tools for LaTeX (JAW)
\etb@tempcnta=\count304
) (/Users/hrbrmstr/Library/TinyTeX/texmf-dist/tex/generic/stringenc/stringenc.sty
Package: stringenc 2019/11/29 v1.12 Convert strings between diff. encodings (HO)
)
\@linkdim=\dimen159
\Hy@linkcounter=\count305
\Hy@pagecounter=\count306
 (/Users/hrbrmstr/Library/TinyTeX/texmf-dist/tex/latex/hyperref/pd1enc.def
File: pd1enc.def 2025-05-20 v7.01m Hyperref: PDFDocEncoding definition (HO)
Now handling font encoding PD1 ...
... no UTF-8 mapping file for font encoding PD1
) (/Users/hrbrmstr/Library/TinyTeX/texmf-dist/tex/generic/intcalc/intcalc.sty
Package: intcalc 2019/12/15 v1.3 Expandable calculations with integers (HO)
)
\Hy@SavedSpaceFactor=\count307
 (/Users/hrbrmstr/Library/TinyTeX/texmf-dist/tex/latex/hyperref/puenc.def
File: puenc.def 2025-05-20 v7.01m Hyperref: PDF Unicode definition (HO)
Now handling font encoding PU ...
... no UTF-8 mapping file for font encoding PU
)
Package hyperref Info: Hyper figures OFF on input line 4157.
Package hyperref Info: Link nesting OFF on input line 4162.
Package hyperref Info: Hyper index ON on input line 4165.
Package hyperref Info: Plain pages OFF on input line 4172.
Package hyperref Info: Backreferencing OFF on input line 4177.
Package hyperref Info: Implicit mode ON; LaTeX internals redefined.
Package hyperref Info: Bookmarks ON on input line 4424.
\c@Hy@tempcnt=\count308
LaTeX Info: Redefining \url on input line 4763.
\XeTeXLinkMargin=\dimen160
 (/Users/hrbrmstr/Library/TinyTeX/texmf-dist/tex/generic/bitset/bitset.sty
Package: bitset 2019/12/09 v1.3 Handle bit-vector datatype (HO)
 (/Users/hrbrmstr/Library/TinyTeX/texmf-dist/tex/generic/bigintcalc/bigintcalc.sty
Package: bigintcalc 2019/12/15 v1.5 Expandable calculations on big integers (HO)
))
\Fld@menulength=\count309
\Field@Width=\dimen161
\Fld@charsize=\dimen162
Package hyperref Info: Hyper figures OFF on input line 6042.
Package hyperref Info: Link nesting OFF on input line 6047.
Package hyperref Info: Hyper index ON on input line 6050.
Package hyperref Info: backreferencing OFF on input line 6057.
Package hyperref Info: Link coloring OFF on input line 6062.
Package hyperref Info: Link coloring with OCG OFF on input line 6067.
Package hyperref Info: PDF/A mode OFF on input line 6072.
 (/Users/hrbrmstr/Library/TinyTeX/texmf-dist/tex/latex/base/atbegshi-ltx.sty
Package: atbegshi-ltx 2021/01/10 v1.0c Emulation of the original atbegshi
package with kernel methods
)
\Hy@abspage=\count310
\c@Item=\count311
\c@Hfootnote=\count312
)
Package hyperref Info: Driver (autodetected): hpdftex.
 (/Users/hrbrmstr/Library/TinyTeX/texmf-dist/tex/latex/hyperref/hpdftex.def
File: hpdftex.def 2025-05-20 v7.01m Hyperref driver for pdfTeX
\Fld@listcount=\count313
\c@bookmark@seq@number=\count314
 (/Users/hrbrmstr/Library/TinyTeX/texmf-dist/tex/latex/rerunfilecheck/rerunfilecheck.sty
Package: rerunfilecheck 2022-07-10 v1.10 Rerun checks for auxiliary files (HO)
 (/Users/hrbrmstr/Library/TinyTeX/texmf-dist/tex/latex/base/atveryend-ltx.sty
Package: atveryend-ltx 2020/08/19 v1.0a Emulation of the original atveryend package
with kernel methods
) (/Users/hrbrmstr/Library/TinyTeX/texmf-dist/tex/generic/uniquecounter/uniquecounter.sty
Package: uniquecounter 2019/12/15 v1.4 Provide unlimited unique counter (HO)
)
Package uniquecounter Info: New unique counter `rerunfilecheck' on input line 285.
)
\Hy@SectionHShift=\skip59
)
Package hyperref Info: Option `colorlinks' set `true' on input line 413.
Package hyperref Info: Option `linktocpage' set `true' on input line 413.
Package hyperref Info: Option `plainpages' set `false' on input line 413.
LaTeX Encoding Info:    Ignoring declaration for text command \textdegree (encoding ?) on input line 462.
LaTeX Encoding Info:    Ignoring declaration for text command \textonehalf (encoding ?) on input line 463.
LaTeX Encoding Info:    Ignoring declaration for text command \textonequarter (encoding ?) on input line 464.
LaTeX Encoding Info:    Ignoring declaration for text command \textthreequarters (encoding ?) on input line 465.
LaTeX Encoding Info:    Ignoring declaration for text command \textcent (encoding ?) on input line 466.
LaTeX Encoding Info:    Ignoring declaration for text command \textyen (encoding ?) on input line 467.
LaTeX Encoding Info:    Ignoring declaration for text command \textcurrency (encoding ?) on input line 468.
LaTeX Encoding Info:    Ignoring declaration for text command \textbrokenbar (encoding ?) on input line 469.
LaTeX Encoding Info:    Ignoring declaration for text command \texteuro (encoding ?) on input line 470.
) (/Users/hrbrmstr/Library/TinyTeX/texmf-dist/tex/latex/base/makeidx.sty
Package: makeidx 2021/10/04 v1.0m Standard LaTeX package
)
\@indexfile=\write3
\openout3 = `Rd2.idx'.


Writing index file Rd2.idx
LaTeX Font Info:    Trying to load font information for T1+ptm on input line 8.
(/Users/hrbrmstr/Library/TinyTeX/texmf-dist/tex/latex/psnfss/t1ptm.fd
File: t1ptm.fd 2001/06/04 font definitions for T1/ptm.
) (/Users/hrbrmstr/Library/TinyTeX/texmf-dist/tex/latex/l3backend/l3backend-pdftex.def
File: l3backend-pdftex.def 2025-04-14 L3 backend support: PDF output (pdfTeX)
\l__color_backend_stack_int=\count315
) (/private/var/folders/vs/yx3x20rj2z9bpnd16ym4jr3c0000gn/T/RtmpfB6ZDH/Rd2pdf34ac6c23c72c/Rd2.aux)
\openout1 = `Rd2.aux'.

LaTeX Font Info:    Checking defaults for OML/cmm/m/it on input line 8.
LaTeX Font Info:    ... okay on input line 8.
LaTeX Font Info:    Checking defaults for OMS/cmsy/m/n on input line 8.
LaTeX Font Info:    ... okay on input line 8.
LaTeX Font Info:    Checking defaults for OT1/cmr/m/n on input line 8.
LaTeX Font Info:    ... okay on input line 8.
LaTeX Font Info:    Checking defaults for T1/cmr/m/n on input line 8.
LaTeX Font Info:    ... okay on input line 8.
LaTeX Font Info:    Checking defaults for TS1/cmr/m/n on input line 8.
LaTeX Font Info:    ... okay on input line 8.
LaTeX Font Info:    Checking defaults for OMX/cmex/m/n on input line 8.
LaTeX Font Info:    ... okay on input line 8.
LaTeX Font Info:    Checking defaults for U/cmr/m/n on input line 8.
LaTeX Font Info:    ... okay on input line 8.
LaTeX Font Info:    Checking defaults for PD1/pdf/m/n on input line 8.
LaTeX Font Info:    ... okay on input line 8.
LaTeX Font Info:    Checking defaults for PU/pdf/m/n on input line 8.
LaTeX Font Info:    ... okay on input line 8.
Package hyperref Info: Link coloring ON on input line 8.
 (/private/var/folders/vs/yx3x20rj2z9bpnd16ym4jr3c0000gn/T/RtmpfB6ZDH/Rd2pdf34ac6c23c72c/Rd2.out) (/private/var/folders/vs/yx3x20rj2z9bpnd16ym4jr3c0000gn/T/RtmpfB6ZDH/Rd2pdf34ac6c23c72c/Rd2.out)
\@outlinefile=\write4
\openout4 = `Rd2.out'.

LaTeX Font Info:    Trying to load font information for TS1+ptm on input line 19.
 (/Users/hrbrmstr/Library/TinyTeX/texmf-dist/tex/latex/psnfss/ts1ptm.fd
File: ts1ptm.fd 2001/06/04 font definitions for TS1/ptm.
)
LaTeX Font Info:    Trying to load font information for T1+zi4 on input line 21.
 (/Users/hrbrmstr/Library/TinyTeX/texmf-dist/tex/latex/inconsolata/t1zi4.fd
File: t1zi4.fd 2018/01/14 T1/zi4 (Inconsolata)
)
LaTeX Font Info:    Font shape `T1/zi4/m/n' will be
(Font)              scaled to size 10.0pt on input line 21.
LaTeX Info: Symbol \textasciigrave not provided by
            font family ptm in TS1 encoding.
            Default family used instead on input line 27.
LaTeX Info: Symbol \textasciigrave not provided by
            font family ptm in TS1 encoding.
            Default family used instead on input line 27.
LaTeX Font Info:    Trying to load font information for U+msa on input line 29.
 (/Users/hrbrmstr/Library/TinyTeX/texmf-dist/tex/latex/amsfonts/umsa.fd
File: umsa.fd 2013/01/14 v3.01 AMS symbols A
)
LaTeX Font Info:    Trying to load font information for U+msb on input line 29.
 (/Users/hrbrmstr/Library/TinyTeX/texmf-dist/tex/latex/amsfonts/umsb.fd
File: umsb.fd 2013/01/14 v3.01 AMS symbols B
)
LaTeX Font Info:    Trying to load font information for U+rsfs on input line 29.
 (/Users/hrbrmstr/Library/TinyTeX/texmf-dist/tex/latex/jknapltx/ursfs.fd
File: ursfs.fd 1998/03/24 rsfs font definition file (jk)
)

[1


{/Users/hrbrmstr/Library/TinyTeX/texmf-var/fonts/map/pdftex/updmap/pdftex.map}{/Users/hrbrmstr/Library/TinyTeX/texmf-dist/fonts/enc/dvips/base/8r.enc}{/Users/hrbrmstr/Library/TinyTeX/texmf-dist/fonts/enc/dvips/inconsolata/i4-t1-0.enc}] (/private/var/folders/vs/yx3x20rj2z9bpnd16ym4jr3c0000gn/T/RtmpfB6ZDH/Rd2pdf34ac6c23c72c/Rd2.toc)
\tf@toc=\write5
\openout5 = `Rd2.toc'.



[2]

[3]
LaTeX Font Info:    Font shape `T1/zi4/m/n' will be
(Font)              scaled to size 9.0pt on input line 186.

Overfull \hbox (36.74408pt too wide) in paragraph at lines 189--189
 []\T1/zi4/m/n/9 p + annotate_textp(x = 0.9, y = 0.35, label="A relative linear\nrelationship", hjust=1, color="red")[] 
 []



[4]

[5]
LaTeX Font Info:    Trying to load font information for TS1+zi4 on input line 276.
 (/Users/hrbrmstr/Library/TinyTeX/texmf-dist/tex/latex/inconsolata/ts1zi4.fd
File: ts1zi4.fd 2018/01/14 TS1/zi4 (Inconsolata)
)
LaTeX Font Info:    Font shape `TS1/zi4/m/n' will be
(Font)              scaled to size 9.0pt on input line 276.


[6{/Users/hrbrmstr/Library/TinyTeX/texmf-dist/fonts/enc/dvips/inconsolata/i4-ts1.enc}]
LaTeX Font Info:    Font shape `TS1/zi4/m/n' will be
(Font)              scaled to size 10.0pt on input line 383.


[7]
Overfull \hbox (0.40599pt too wide) in paragraph at lines 413--415
[]\T1/ptm/m/n/10 A ker-nel den-sity es-ti-mate, use-ful for dis-play-ing the dis-tri-bu-tion of vari-ables with un-der-ly-ing smooth-
 []



[8]

[9]
Overfull \hbox (48.64838pt too wide) in paragraph at lines 508--512
\T1/ptm/m/n/10 shouldn't in-herit be-haviour from the de-fault plot spec-i-fi-ca-tion, e.g. [][][]\T1/zi4/m/n/10 annotation_borders()[][][][]\T1/ptm/m/n/10 . 
 []



[10]

[11]

[12]
Overfull \hbox (48.64838pt too wide) in paragraph at lines 753--757
\T1/ptm/m/n/10 shouldn't in-herit be-haviour from the de-fault plot spec-i-fi-ca-tion, e.g. [][][]\T1/zi4/m/n/10 annotation_borders()[][][][]\T1/ptm/m/n/10 . 
 []



[13]

[14]

[15]
Overfull \hbox (48.64838pt too wide) in paragraph at lines 955--959
\T1/ptm/m/n/10 shouldn't in-herit be-haviour from the de-fault plot spec-i-fi-ca-tion, e.g. [][][]\T1/zi4/m/n/10 annotation_borders()[][][][]\T1/ptm/m/n/10 . 
 []



[16]

[17]

[18]
Overfull \hbox (48.64838pt too wide) in paragraph at lines 1117--1121
\T1/ptm/m/n/10 shouldn't in-herit be-haviour from the de-fault plot spec-i-fi-ca-tion, e.g. [][][]\T1/zi4/m/n/10 annotation_borders()[][][][]\T1/ptm/m/n/10 . 
 []

LaTeX Info: Symbol \textrightarrow not provided by
            font family ptm in TS1 encoding.
            Default family used instead on input line 1146.
LaTeX Info: Symbol \textrightarrow not provided by
            font family ptm in TS1 encoding.
            Default family used instead on input line 1146.
LaTeX Info: Symbol \textrightarrow not provided by
            font family ptm in TS1 encoding.
            Default family used instead on input line 1146.
LaTeX Info: Symbol \textrightarrow not provided by
            font family ptm in TS1 encoding.
            Default family used instead on input line 1146.
LaTeX Info: Symbol \textrightarrow not provided by
            font family ptm in TS1 encoding.
            Default family used instead on input line 1146.


[19]

[20]
Underfull \hbox (badness 10000) in paragraph at lines 1278--1282

 []



[21]

[22]
Overfull \hbox (48.64838pt too wide) in paragraph at lines 1398--1402
\T1/ptm/m/n/10 shouldn't in-herit be-haviour from the de-fault plot spec-i-fi-ca-tion, e.g. [][][]\T1/zi4/m/n/10 annotation_borders()[][][][]\T1/ptm/m/n/10 . 
 []



[23]
LaTeX Info: Symbol \textrightarrow not provided by
            font family ptm in TS1 encoding.
            Default family used instead on input line 1436.
LaTeX Info: Symbol \textrightarrow not provided by
            font family ptm in TS1 encoding.
            Default family used instead on input line 1436.
LaTeX Info: Symbol \textrightarrow not provided by
            font family ptm in TS1 encoding.
            Default family used instead on input line 1436.
LaTeX Info: Symbol \textrightarrow not provided by
            font family ptm in TS1 encoding.
            Default family used instead on input line 1436.
LaTeX Info: Symbol \textrightarrow not provided by
            font family ptm in TS1 encoding.
            Default family used instead on input line 1436.
LaTeX Info: Symbol \textrightarrow not provided by
            font family ptm in TS1 encoding.
            Default family used instead on input line 1436.
LaTeX Info: Symbol \textrightarrow not provided by
            font family ptm in TS1 encoding.
            Default family used instead on input line 1436.


[24]

[25]
Overfull \hbox (48.64838pt too wide) in paragraph at lines 1576--1580
\T1/ptm/m/n/10 shouldn't in-herit be-haviour from the de-fault plot spec-i-fi-ca-tion, e.g. [][][]\T1/zi4/m/n/10 annotation_borders()[][][][]\T1/ptm/m/n/10 . 
 []


Overfull \hbox (5.25328pt too wide) in paragraph at lines 1596--1596
 []\T1/zi4/m/n/9 p + geom_spikelines(data = mtcars[mtcars$carb==4,],aes(colour = factor(gear)), linetype = 2)[] 
 []


Overfull \hbox (12.75021pt too wide) in paragraph at lines 1600--1600
 []\T1/zi4/m/n/9 p + geom_spikelines(data = mtcars[mtcars$carb==4,],aes(colour = factor(gear)), linetype = 2) +[] 
 []


Overfull \hbox (11.43745pt too wide) in paragraph at lines 1611--1614
[]\T1/ptm/m/n/10 The []\T1/zi4/m/n/10 label []\T1/ptm/m/n/10 pa-ram-e-ter can be ei-ther a 2-letter state ab-bre-vi-a-tion or a full state name. []\T1/zi4/m/n/10 geom_stateface()
 []



[26]

[27]
Overfull \hbox (48.64838pt too wide) in paragraph at lines 1744--1748
\T1/ptm/m/n/10 shouldn't in-herit be-haviour from the de-fault plot spec-i-fi-ca-tion, e.g. [][][]\T1/zi4/m/n/10 annotation_borders()[][][][]\T1/ptm/m/n/10 . 
 []



[28]

[29]
Overfull \hbox (48.64838pt too wide) in paragraph at lines 1893--1897
\T1/ptm/m/n/10 shouldn't in-herit be-haviour from the de-fault plot spec-i-fi-ca-tion, e.g. [][][]\T1/zi4/m/n/10 annotation_borders()[][][][]\T1/ptm/m/n/10 . 
 []



[30]

[31]
Overfull \hbox (48.64838pt too wide) in paragraph at lines 2017--2021
\T1/ptm/m/n/10 shouldn't in-herit be-haviour from the de-fault plot spec-i-fi-ca-tion, e.g. [][][]\T1/zi4/m/n/10 annotation_borders()[][][][]\T1/ptm/m/n/10 . 
 []



[32]
Overfull \hbox (9.52937pt too wide) in paragraph at lines 2063--2065
[]\T1/ptm/m/n/10 Use to over-ride the de-fault con-nec-tion be-tween []\T1/zi4/m/n/10 geom_xspline []\T1/ptm/m/n/10 and []\T1/zi4/m/n/10 stat_xspline[]\T1/ptm/m/n/10 . 
 []



[33]

[34]

[35]
Overfull \hbox (48.64838pt too wide) in paragraph at lines 2269--2273
\T1/ptm/m/n/10 shouldn't in-herit be-haviour from the de-fault plot spec-i-fi-ca-tion, e.g. [][][]\T1/zi4/m/n/10 annotation_borders()[][][][]\T1/ptm/m/n/10 . 
 []



[36]
Overfull \hbox (92.91681pt too wide) in paragraph at lines 2359--2360
[]\T1/ptm/m/n/10 position-dodgev(): un-mod-i-fied from lionel-/ggstance/R/position-dodgev.R 73f521384ae8ea277db5f7d5a2854004aa18f947 
 []



[37]

[38]

[39]
Overfull \hbox (19.52802pt too wide) in paragraph at lines 2514--2517
[]\T1/ptm/m/n/10 vector of length 2 spec-i-fy-ing the ker-nel, which is pro-por-tional to \T1/ptm/m/it/10 ( 1 - abs(i/m)^kopt(1)
 []


Overfull \hbox (11.63745pt too wide) in paragraph at lines 2514--2517
\T1/ptm/m/it/10 )i^kopt(2)\T1/ptm/m/n/10 ; (2,2)=bi-weight (de-fault); (0,0)=uni-form; (1,0)=tri-an-gle; (2,1)=Epanech-
 []


Overfull \hbox (48.64838pt too wide) in paragraph at lines 2529--2533
\T1/ptm/m/n/10 shouldn't in-herit be-haviour from the de-fault plot spec-i-fi-ca-tion, e.g. [][][]\T1/zi4/m/n/10 annotation_borders()[][][][]\T1/ptm/m/n/10 . 
 []



[40]
Underfull \hbox (badness 10000) in paragraph at lines 2604--2609

 []



[41]
Overfull \hbox (48.64838pt too wide) in paragraph at lines 2708--2712
\T1/ptm/m/n/10 shouldn't in-herit be-haviour from the de-fault plot spec-i-fi-ca-tion, e.g. [][][]\T1/zi4/m/n/10 annotation_borders()[][][][]\T1/ptm/m/n/10 . 
 []



[42] (/private/var/folders/vs/yx3x20rj2z9bpnd16ym4jr3c0000gn/T/RtmpfB6ZDH/Rd2pdf34ac6c23c72c/Rd2.ind

[43]

LaTeX Font Warning: Font shape `T1/zi4/m/it' undefined
(Font)              using `T1/zi4/m/n' instead on input line 59.

LaTeX Font Info:    Font shape `T1/zi4/m/it' will be
(Font)              scaled to size 10.0pt on input line 87.




[44

]



[45

]) (/private/var/folders/vs/yx3x20rj2z9bpnd16ym4jr3c0000gn/T/RtmpfB6ZDH/Rd2pdf34ac6c23c72c/Rd2.aux)
 ***********
LaTeX2e <2025-06-01>
L3 programming layer <2025-05-26>
 ***********


LaTeX Font Warning: Some font shapes were not available, defaults substituted.

Package rerunfilecheck Info: File `Rd2.out' has not changed.
(rerunfilecheck)             Checksum: 90F2608FF9AAC9D82CEFEED7ED40AFC8;3083.
 ) 
Here is how much of TeX's memory you used:
 10694 strings out of 469853
 163621 string characters out of 5482597
 561195 words of memory out of 5000000
 38517 multiletter control sequences out of 15000+600000
 664373 words of font info for 88 fonts, out of 8000000 for 9000
 14 hyphenation exceptions out of 8191
 92i,6n,95p,515b,767s stack positions out of 10000i,1000n,20000p,200000b,200000s

pdfTeX warning (dest): name{Rfn.ash1} has been referenced but does not exist, replaced by a fixed one


pdfTeX warning (dest): name{Rfn.bin1} has been referenced but does not exist, replaced by a fixed one


pdfTeX warning (dest): name{Rfn.grid.xspline} has been referenced but does not exist, replaced by a fixed one


pdfTeX warning (dest): name{Rfn.xspline} has been referenced but does not exist, replaced by a fixed one


pdfTeX warning (dest): name{Rfn.geom.Rul.segment} has been referenced but does not exist, replaced by a fixed one


pdfTeX warning (dest): name{Rfn.geom.Rul.polygon} has been referenced but does not exist, replaced by a fixed one


pdfTeX warning (dest): name{Rfn.geom.Rul.path} has been referenced but does not exist, replaced by a fixed one


pdfTeX warning (dest): name{Rfn.geom.Rul.line} has been referenced but does not exist, replaced by a fixed one


pdfTeX warning (dest): name{Rfn.grid::arrow\(\)} has been referenced but does not exist, replaced by a fixed one


pdfTeX warning (dest): name{Rfn.size} has been referenced but does not exist, replaced by a fixed one


pdfTeX warning (dest): name{Rfn.shape} has been referenced but does not exist, replaced by a fixed one


pdfTeX warning (dest): name{Rfn.fill} has been referenced but does not exist, replaced by a fixed one


pdfTeX warning (dest): name{Rfn.linewidth} has been referenced but does not exist, replaced by a fixed one


pdfTeX warning (dest): name{Rfn.linetype} has been referenced but does not exist, replaced by a fixed one


pdfTeX warning (dest): name{Rfn.group} has been referenced but does not exist, replaced by a fixed one


pdfTeX warning (dest): name{Rfn.colour} has been referenced but does not exist, replaced by a fixed one


pdfTeX warning (dest): name{Rfn.alpha} has been referenced but does not exist, replaced by a fixed one


pdfTeX warning (dest): name{Rfn.yend} has been referenced but does not exist, replaced by a fixed one


pdfTeX warning (dest): name{Rfn.xend} has been referenced but does not exist, replaced by a fixed one


pdfTeX warning (dest): name{Rfn.y} has been referenced but does not exist, replaced by a fixed one


pdfTeX warning (dest): name{Rfn.x} has been referenced but does not exist, replaced by a fixed one


pdfTeX warning (dest): name{Rfn.layer} has been referenced but does not exist, replaced by a fixed one


pdfTeX warning (dest): name{Rfn.fortify} has been referenced but does not exist, replaced by a fixed one


pdfTeX warning (dest): name{Rfn.stat.Rul.sum} has been referenced but does not exist, replaced by a fixed one


pdfTeX warning (dest): name{Rfn.geom.Rul.contour} has been referenced but does not exist, replaced by a fixed one


pdfTeX warning (dest): name{Rfn.stat.Rul.contour} has been referenced but does not exist, replaced by a fixed one


pdfTeX warning (dest): name{Rfn.bkde2D} has been referenced but does not exist, replaced by a fixed one


pdfTeX warning (dest): name{Rfn.layer\040stat} has been referenced but does not exist, replaced by a fixed one


pdfTeX warning (dest): name{Rfn.geom.Rul.violin} has been referenced but does not exist, replaced by a fixed one


pdfTeX warning (dest): name{Rfn.geom.Rul.freqpoly} has been referenced but does not exist, replaced by a fixed one


pdfTeX warning (dest): name{Rfn.geom.Rul.histogram} has been referenced but does not exist, replaced by a fixed one


pdfTeX warning (dest): name{Rfn.key\040glyphs} has been referenced but does not exist, replaced by a fixed one


pdfTeX warning (dest): name{Rfn.layer\(\)} has been referenced but does not exist, replaced by a fixed one


pdfTeX warning (dest): name{Rfn.annotation.Rul.borders\(\)} has been referenced but does not exist, replaced by a fixed one


pdfTeX warning (dest): name{Rfn.bkde} has been referenced but does not exist, replaced by a fixed one


pdfTeX warning (dest): name{Rfn.layer\040position} has been referenced but does not exist, replaced by a fixed one


pdfTeX warning (dest): name{Rfn.fortify\(\)} has been referenced but does not exist, replaced by a fixed one


pdfTeX warning (dest): name{Rfn.ggplot\(\)} has been referenced but does not exist, replaced by a fixed one


pdfTeX warning (dest): name{Rfn.aes\(\)} has been referenced but does not exist, replaced by a fixed one


pdfTeX warning (dest): name{Rfn.ggplot2.Rdash.ggproto} has been referenced but does not exist, replaced by a fixed one


pdfTeX warning (dest): name{Rfn.grid::unit\(\)} has been referenced but does not exist, replaced by a fixed one

 </Users/hrbrmstr/Library/TinyTeX/texmf-var/fonts/pk/ljfour/jknappen/ec/tcrm1000.600pk></Users/hrbrmstr/Library/TinyTeX/texmf-dist/fonts/type1/public/inconsolata/Inconsolata-zi4r.pfb></Users/hrbrmstr/Library/TinyTeX/texmf-dist/fonts/type1/public/amsfonts/cm/cmsy10.pfb></Users/hrbrmstr/Library/TinyTeX/texmf-dist/fonts/type1/urw/times/utmb8a.pfb></Users/hrbrmstr/Library/TinyTeX/texmf-dist/fonts/type1/urw/times/utmbi8a.pfb></Users/hrbrmstr/Library/TinyTeX/texmf-dist/fonts/type1/urw/times/utmr8a.pfb></Users/hrbrmstr/Library/TinyTeX/texmf-dist/fonts/type1/urw/times/utmr8a.pfb></Users/hrbrmstr/Library/TinyTeX/texmf-dist/fonts/type1/urw/times/utmri8a.pfb>
Output written on Rd2.pdf (45 pages, 208633 bytes).
PDF statistics:
 1034 PDF objects out of 1200 (max. 8388607)
 960 compressed objects within 10 object streams
 298 named destinations out of 1000 (max. 500000)
 209 words of extra memory for PDF output out of 10000 (max. 10000000)

